#
# There is insufficient memory for the Java Runtime Environment to continue.
# Native memory allocation (malloc) failed to allocate 32744 bytes for ChunkPool::allocate
# Possible reasons:
#   The system is out of physical RAM or swap space
#   In 32 bit mode, the process size limit was hit
# Possible solutions:
#   Reduce memory load on the system
#   Increase physical memory or swap space
#   Check if swap backing store is full
#   Use 64 bit Java on a 64 bit OS
#   Decrease Java heap size (-Xmx/-Xms)
#   Decrease number of Java threads
#   Decrease Java thread stack sizes (-Xss)
#   Set larger code cache with -XX:ReservedCodeCacheSize=
# This output file may be truncated or incomplete.
#
#  Out of Memory Error (allocation.cpp:273), pid=10892, tid=0x0000000000001ed8
#
# JRE version: Java(TM) SE Runtime Environment (8.0_111-b14) (build 1.8.0_111-b14)
# Java VM: Java HotSpot(TM) 64-Bit Server VM (25.111-b14 mixed mode windows-amd64 compressed oops)
# Failed to write core dump. Minidumps are not enabled by default on client versions of Windows
#

---------------  T H R E A D  ---------------

Current thread (0x00000000173e4800):  JavaThread "C2 CompilerThread0" daemon [_thread_in_native, id=7896, stack(0x0000000018a70000,0x0000000018b70000)]

Stack: [0x0000000018a70000,0x0000000018b70000]
[error occurred during error reporting (printing stack bounds), id 0xc0000005]

Native frames: (J=compiled Java code, j=interpreted, Vv=VM code, C=native code)


Current CompileTask:
C2:   6755 3308   !   4       java.net.URLClassLoader$1::run (63 bytes)


---------------  P R O C E S S  ---------------

Java Threads: ( => current thread )
  0x000000001a506000 JavaThread "Thread-2" daemon [_thread_blocked, id=10984, stack(0x000000001b340000,0x000000001b440000)]
  0x0000000018dba800 JavaThread "Service Thread" daemon [_thread_blocked, id=7256, stack(0x0000000019170000,0x0000000019270000)]
  0x00000000173ee800 JavaThread "C1 CompilerThread2" daemon [_thread_blocked, id=10752, stack(0x0000000018c70000,0x0000000018d70000)]
  0x00000000173e6800 JavaThread "C2 CompilerThread1" daemon [_thread_in_native, id=11148, stack(0x0000000018b70000,0x0000000018c70000)]
=>0x00000000173e4800 JavaThread "C2 CompilerThread0" daemon [_thread_in_native, id=7896, stack(0x0000000018a70000,0x0000000018b70000)]
  0x00000000173e3000 JavaThread "Attach Listener" daemon [_thread_blocked, id=9032, stack(0x0000000018970000,0x0000000018a70000)]
  0x00000000173e2000 JavaThread "Signal Dispatcher" daemon [_thread_blocked, id=6676, stack(0x0000000018870000,0x0000000018970000)]
  0x00000000028ae800 JavaThread "Finalizer" daemon [_thread_blocked, id=5660, stack(0x0000000018640000,0x0000000018740000)]
  0x00000000028a4000 JavaThread "Reference Handler" daemon [_thread_blocked, id=1948, stack(0x0000000018540000,0x0000000018640000)]
  0x00000000027b2800 JavaThread "main" [_thread_in_native, id=432, stack(0x00000000026b0000,0x00000000027b0000)]

Other Threads:
  0x00000000173a8800 VMThread [stack: 0x0000000018440000,0x0000000018540000] [id=8364]
  0x0000000018dbf000 WatcherThread [stack: 0x0000000019270000,0x0000000019370000] [id=10352]

VM state:not at safepoint (normal execution)

VM Mutex/Monitor currently owned by a thread: None

Heap:
 PSYoungGen      total 138240K, used 40042K [0x00000000d5f00000, 0x00000000deb00000, 0x0000000100000000)
  eden space 133120K, 30% used [0x00000000d5f00000,0x00000000d861a9d0,0x00000000de100000)
  from space 5120K, 0% used [0x00000000de600000,0x00000000de600000,0x00000000deb00000)
  to   space 5120K, 0% used [0x00000000de100000,0x00000000de100000,0x00000000de600000)
 ParOldGen       total 60928K, used 8779K [0x0000000081c00000, 0x0000000085780000, 0x00000000d5f00000)
  object space 60928K, 14% used [0x0000000081c00000,0x0000000082492ce0,0x0000000085780000)
 Metaspace       used 24636K, capacity 25798K, committed 25984K, reserved 1071104K
  class space    used 3111K, capacity 3449K, committed 3456K, reserved 1048576K

Card table byte_map: [0x0000000011c70000,0x0000000012070000] byte_map_base: 0x0000000011862000

Marking Bits: (ParMarkBitMap*) 0x000000005d7ba6c0
 Begin Bits: [0x0000000012720000, 0x00000000146b0000)
 End Bits:   [0x00000000146b0000, 0x0000000016640000)

Polling page: 0x0000000002560000

CodeCache: size=245760Kb used=11061Kb max_used=11061Kb free=234698Kb
 bounds [0x00000000028b0000, 0x0000000003390000, 0x00000000118b0000]
 total_blobs=3743 nmethods=3321 adapters=334
 compilation: enabled

Compilation events (10 events):
Event: 6.044 Thread 0x00000000173ee800 3325       3       com.sun.tools.javac.code.AnnoConstruct::<init> (5 bytes)
Event: 6.044 Thread 0x00000000173ee800 nmethod 3325 0x0000000003380bd0 code [0x0000000003380d20, 0x0000000003380ed0]
Event: 6.044 Thread 0x00000000173ee800 3326       3       com.sun.tools.javac.util.Names::fromString (9 bytes)
Event: 6.044 Thread 0x00000000173ee800 nmethod 3326 0x0000000003380f90 code [0x0000000003381120, 0x0000000003381658]
Event: 6.044 Thread 0x00000000173ee800 3327       3       com.sun.tools.javac.util.UnsharedNameTable::fromChars (28 bytes)
Event: 6.044 Thread 0x00000000173ee800 nmethod 3327 0x0000000003381890 code [0x0000000003381a00, 0x0000000003381c78]
Event: 6.045 Thread 0x00000000173ee800 3328       3       com.sun.tools.javac.util.Assert::check (8 bytes)
Event: 6.045 Thread 0x00000000173ee800 nmethod 3328 0x0000000003381d90 code [0x0000000003381f00, 0x0000000003382188]
Event: 6.045 Thread 0x00000000173ee800 3329       3       com.sun.tools.javac.util.List::<init> (15 bytes)
Event: 6.045 Thread 0x00000000173ee800 nmethod 3329 0x00000000033822d0 code [0x0000000003382440, 0x0000000003382670]

GC Heap History (10 events):
Event: 0.868 GC heap before
{Heap before GC invocations=1 (full 0):
 PSYoungGen      total 38400K, used 33280K [0x00000000d5f00000, 0x00000000d8980000, 0x0000000100000000)
  eden space 33280K, 100% used [0x00000000d5f00000,0x00000000d7f80000,0x00000000d7f80000)
  from space 5120K, 0% used [0x00000000d8480000,0x00000000d8480000,0x00000000d8980000)
  to   space 5120K, 0% used [0x00000000d7f80000,0x00000000d7f80000,0x00000000d8480000)
 ParOldGen       total 87552K, used 0K [0x0000000081c00000, 0x0000000087180000, 0x00000000d5f00000)
  object space 87552K, 0% used [0x0000000081c00000,0x0000000081c00000,0x0000000087180000)
 Metaspace       used 10042K, capacity 10326K, committed 10624K, reserved 1058816K
  class space    used 1255K, capacity 1383K, committed 1408K, reserved 1048576K
Event: 0.880 GC heap after
Heap after GC invocations=1 (full 0):
 PSYoungGen      total 38400K, used 5107K [0x00000000d5f00000, 0x00000000daa00000, 0x0000000100000000)
  eden space 33280K, 0% used [0x00000000d5f00000,0x00000000d5f00000,0x00000000d7f80000)
  from space 5120K, 99% used [0x00000000d7f80000,0x00000000d847ce88,0x00000000d8480000)
  to   space 5120K, 0% used [0x00000000da500000,0x00000000da500000,0x00000000daa00000)
 ParOldGen       total 87552K, used 658K [0x0000000081c00000, 0x0000000087180000, 0x00000000d5f00000)
  object space 87552K, 0% used [0x0000000081c00000,0x0000000081ca4aa0,0x0000000087180000)
 Metaspace       used 10042K, capacity 10326K, committed 10624K, reserved 1058816K
  class space    used 1255K, capacity 1383K, committed 1408K, reserved 1048576K
}
Event: 1.363 GC heap before
{Heap before GC invocations=2 (full 0):
 PSYoungGen      total 38400K, used 38387K [0x00000000d5f00000, 0x00000000daa00000, 0x0000000100000000)
  eden space 33280K, 100% used [0x00000000d5f00000,0x00000000d7f80000,0x00000000d7f80000)
  from space 5120K, 99% used [0x00000000d7f80000,0x00000000d847ce88,0x00000000d8480000)
  to   space 5120K, 0% used [0x00000000da500000,0x00000000da500000,0x00000000daa00000)
 ParOldGen       total 87552K, used 658K [0x0000000081c00000, 0x0000000087180000, 0x00000000d5f00000)
  object space 87552K, 0% used [0x0000000081c00000,0x0000000081ca4aa0,0x0000000087180000)
 Metaspace       used 12353K, capacity 12658K, committed 12928K, reserved 1060864K
  class space    used 1537K, capacity 1653K, committed 1664K, reserved 1048576K
Event: 1.370 GC heap after
Heap after GC invocations=2 (full 0):
 PSYoungGen      total 71680K, used 5097K [0x00000000d5f00000, 0x00000000daa00000, 0x0000000100000000)
  eden space 66560K, 0% used [0x00000000d5f00000,0x00000000d5f00000,0x00000000da000000)
  from space 5120K, 99% used [0x00000000da500000,0x00000000da9fa768,0x00000000daa00000)
  to   space 5120K, 0% used [0x00000000da000000,0x00000000da000000,0x00000000da500000)
 ParOldGen       total 87552K, used 2116K [0x0000000081c00000, 0x0000000087180000, 0x00000000d5f00000)
  object space 87552K, 2% used [0x0000000081c00000,0x0000000081e111e8,0x0000000087180000)
 Metaspace       used 12353K, capacity 12658K, committed 12928K, reserved 1060864K
  class space    used 1537K, capacity 1653K, committed 1664K, reserved 1048576K
}
Event: 4.634 GC heap before
{Heap before GC invocations=3 (full 0):
 PSYoungGen      total 71680K, used 71657K [0x00000000d5f00000, 0x00000000daa00000, 0x0000000100000000)
  eden space 66560K, 100% used [0x00000000d5f00000,0x00000000da000000,0x00000000da000000)
  from space 5120K, 99% used [0x00000000da500000,0x00000000da9fa768,0x00000000daa00000)
  to   space 5120K, 0% used [0x00000000da000000,0x00000000da000000,0x00000000da500000)
 ParOldGen       total 87552K, used 2116K [0x0000000081c00000, 0x0000000087180000, 0x00000000d5f00000)
  object space 87552K, 2% used [0x0000000081c00000,0x0000000081e111e8,0x0000000087180000)
 Metaspace       used 19237K, capacity 20004K, committed 20096K, reserved 1067008K
  class space    used 2433K, capacity 2652K, committed 2688K, reserved 1048576K
Event: 4.656 GC heap after
Heap after GC invocations=3 (full 0):
 PSYoungGen      total 71680K, used 5105K [0x00000000d5f00000, 0x00000000deb00000, 0x0000000100000000)
  eden space 66560K, 0% used [0x00000000d5f00000,0x00000000d5f00000,0x00000000da000000)
  from space 5120K, 99% used [0x00000000da000000,0x00000000da4fc7d0,0x00000000da500000)
  to   space 5120K, 0% used [0x00000000de600000,0x00000000de600000,0x00000000deb00000)
 ParOldGen       total 87552K, used 9169K [0x0000000081c00000, 0x0000000087180000, 0x00000000d5f00000)
  object space 87552K, 10% used [0x0000000081c00000,0x00000000824f44d0,0x0000000087180000)
 Metaspace       used 19237K, capacity 20004K, committed 20096K, reserved 1067008K
  class space    used 2433K, capacity 2652K, committed 2688K, reserved 1048576K
}
Event: 4.861 GC heap before
{Heap before GC invocations=4 (full 0):
 PSYoungGen      total 71680K, used 14620K [0x00000000d5f00000, 0x00000000deb00000, 0x0000000100000000)
  eden space 66560K, 14% used [0x00000000d5f00000,0x00000000d684aac0,0x00000000da000000)
  from space 5120K, 99% used [0x00000000da000000,0x00000000da4fc7d0,0x00000000da500000)
  to   space 5120K, 0% used [0x00000000de600000,0x00000000de600000,0x00000000deb00000)
 ParOldGen       total 87552K, used 9169K [0x0000000081c00000, 0x0000000087180000, 0x00000000d5f00000)
  object space 87552K, 10% used [0x0000000081c00000,0x00000000824f44d0,0x0000000087180000)
 Metaspace       used 20332K, capacity 21196K, committed 21248K, reserved 1067008K
  class space    used 2557K, capacity 2782K, committed 2816K, reserved 1048576K
Event: 4.875 GC heap after
Heap after GC invocations=4 (full 0):
 PSYoungGen      total 138240K, used 5089K [0x00000000d5f00000, 0x00000000deb00000, 0x0000000100000000)
  eden space 133120K, 0% used [0x00000000d5f00000,0x00000000d5f00000,0x00000000de100000)
  from space 5120K, 99% used [0x00000000de600000,0x00000000deaf87c0,0x00000000deb00000)
  to   space 5120K, 0% used [0x00000000de100000,0x00000000de100000,0x00000000de600000)
 ParOldGen       total 87552K, used 10572K [0x0000000081c00000, 0x0000000087180000, 0x00000000d5f00000)
  object space 87552K, 12% used [0x0000000081c00000,0x0000000082653040,0x0000000087180000)
 Metaspace       used 20332K, capacity 21196K, committed 21248K, reserved 1067008K
  class space    used 2557K, capacity 2782K, committed 2816K, reserved 1048576K
}
Event: 4.875 GC heap before
{Heap before GC invocations=5 (full 1):
 PSYoungGen      total 138240K, used 5089K [0x00000000d5f00000, 0x00000000deb00000, 0x0000000100000000)
  eden space 133120K, 0% used [0x00000000d5f00000,0x00000000d5f00000,0x00000000de100000)
  from space 5120K, 99% used [0x00000000de600000,0x00000000deaf87c0,0x00000000deb00000)
  to   space 5120K, 0% used [0x00000000de100000,0x00000000de100000,0x00000000de600000)
 ParOldGen       total 87552K, used 10572K [0x0000000081c00000, 0x0000000087180000, 0x00000000d5f00000)
  object space 87552K, 12% used [0x0000000081c00000,0x0000000082653040,0x0000000087180000)
 Metaspace       used 20332K, capacity 21196K, committed 21248K, reserved 1067008K
  class space    used 2557K, capacity 2782K, committed 2816K, reserved 1048576K
Event: 4.938 GC heap after
Heap after GC invocations=5 (full 1):
 PSYoungGen      total 138240K, used 0K [0x00000000d5f00000, 0x00000000deb00000, 0x0000000100000000)
  eden space 133120K, 0% used [0x00000000d5f00000,0x00000000d5f00000,0x00000000de100000)
  from space 5120K, 0% used [0x00000000de600000,0x00000000de600000,0x00000000deb00000)
  to   space 5120K, 0% used [0x00000000de100000,0x00000000de100000,0x00000000de600000)
 ParOldGen       total 60928K, used 8779K [0x0000000081c00000, 0x0000000085780000, 0x00000000d5f00000)
  object space 60928K, 14% used [0x0000000081c00000,0x0000000082492ce0,0x0000000085780000)
 Metaspace       used 20332K, capacity 21196K, committed 21248K, reserved 1067008K
  class space    used 2557K, capacity 2782K, committed 2816K, reserved 1048576K
}

Deoptimization events (10 events):
Event: 4.769 Thread 0x00000000027b2800 Uncommon trap: reason=unstable_if action=reinterpret pc=0x000000000303bca8 method=java.util.HashMap.hash(Ljava/lang/Object;)I @ 1
Event: 4.776 Thread 0x00000000027b2800 Uncommon trap: reason=unstable_if action=reinterpret pc=0x0000000002c82980 method=java.util.concurrent.ConcurrentHashMap.putVal(Ljava/lang/Object;Ljava/lang/Object;Z)Ljava/lang/Object; @ 206
Event: 5.034 Thread 0x00000000027b2800 Uncommon trap: reason=unstable_if action=reinterpret pc=0x000000000316d394 method=org.codehaus.plexus.util.xml.pull.MXParser.isValidCodePoint(I)Z @ 3
Event: 5.034 Thread 0x00000000027b2800 Uncommon trap: reason=unstable_if action=reinterpret pc=0x00000000031067d8 method=org.codehaus.plexus.util.xml.pull.MXParser.isValidCodePoint(I)Z @ 3
Event: 5.090 Thread 0x00000000027b2800 Uncommon trap: reason=unstable_if action=reinterpret pc=0x00000000031a3f94 method=java.util.concurrent.ConcurrentHashMap.get(Ljava/lang/Object;)Ljava/lang/Object; @ 76
Event: 5.205 Thread 0x00000000027b2800 Uncommon trap: reason=unstable_if action=reinterpret pc=0x0000000002a2b548 method=java.net.URI.match(CJJ)Z @ 19
Event: 5.305 Thread 0x00000000027b2800 Uncommon trap: reason=unstable_if action=reinterpret pc=0x0000000003165bbc method=org.apache.maven.model.io.xpp3.MavenXpp3Reader.nextTag(Lorg/codehaus/plexus/util/xml/pull/XmlPullParser;)I @ 9
Event: 5.535 Thread 0x00000000027b2800 Uncommon trap: reason=predicate action=maybe_recompile pc=0x0000000003133cdc method=sun.misc.Resource.getBytes()[B @ 53
Event: 5.570 Thread 0x00000000027b2800 Uncommon trap: reason=predicate action=maybe_recompile pc=0x0000000002eedf3c method=java.util.TimSort.binarySort([Ljava/lang/Object;IIILjava/util/Comparator;)V @ 76
Event: 5.580 Thread 0x00000000027b2800 Uncommon trap: reason=unstable_if action=reinterpret pc=0x0000000002f88488 method=java.util.Spliterator.getExactSizeIfKnown()J @ 9

Internal exceptions (10 events):
Event: 3.280 Thread 0x00000000027b2800 Exception <a 'java/lang/NoClassDefFoundError': com/google/inject/servlet/ServletModuleTargetVisitor> (0x00000000d7fcc2f8) thrown at [C:\re\workspace\8-2-build-windows-amd64-cygwin\jdk8u111\7883\hotspot\src\share\vm\classfile\systemDictionary.cpp, line 199
Event: 3.280 Thread 0x00000000027b2800 Exception <a 'java/lang/NoClassDefFoundError'> (0x00000000d7fcc2f8) thrown at [C:\re\workspace\8-2-build-windows-amd64-cygwin\jdk8u111\7883\hotspot\src\share\vm\prims\jvm.cpp, line 1390]
Event: 4.289 Thread 0x00000000027b2800 Implicit null exception at 0x000000000308d32e to 0x000000000308e661
Event: 4.519 Thread 0x00000000027b2800 Implicit null exception at 0x0000000002d08f15 to 0x0000000002d090e5
Event: 4.521 Thread 0x00000000027b2800 Implicit null exception at 0x0000000002d66aaf to 0x0000000002d66b19
Event: 4.769 Thread 0x00000000027b2800 Implicit null exception at 0x000000000303b81b to 0x000000000303bc8d
Event: 5.532 Thread 0x00000000027b2800 Exception <a 'java/lang/ClassNotFoundException': com/sun/tools/javac/api/JavacTool> (0x00000000d79123f0) thrown at [C:\re\workspace\8-2-build-windows-amd64-cygwin\jdk8u111\7883\hotspot\src\share\vm\classfile\systemDictionary.cpp, line 210]
Event: 5.554 Thread 0x00000000027b2800 Exception <a 'sun/nio/fs/WindowsException'> (0x00000000d79ad518) thrown at [C:\re\workspace\8-2-build-windows-amd64-cygwin\jdk8u111\7883\hotspot\src\share\vm\prims\jni.cpp, line 709]
Event: 5.554 Thread 0x00000000027b2800 Exception <a 'sun/nio/fs/WindowsException'> (0x00000000d79addd8) thrown at [C:\re\workspace\8-2-build-windows-amd64-cygwin\jdk8u111\7883\hotspot\src\share\vm\prims\jni.cpp, line 709]
Event: 5.568 Thread 0x00000000027b2800 Exception <a 'sun/nio/fs/WindowsException'> (0x00000000d79ea0d8) thrown at [C:\re\workspace\8-2-build-windows-amd64-cygwin\jdk8u111\7883\hotspot\src\share\vm\prims\jni.cpp, line 709]

Events (10 events):
Event: 6.475 loading class com/sun/tools/javac/tree/JCTree$JCBinary
Event: 6.475 loading class com/sun/tools/javac/tree/JCTree$JCBinary done
Event: 6.476 loading class com/sun/source/tree/BinaryTree
Event: 6.476 loading class com/sun/source/tree/BinaryTree done
Event: 6.476 loading class com/sun/tools/javac/tree/JCTree$JCBreak
Event: 6.476 loading class com/sun/tools/javac/tree/JCTree$JCBreak done
Event: 6.476 loading class com/sun/source/tree/BreakTree
Event: 6.476 loading class com/sun/source/tree/BreakTree done
Event: 6.476 loading class com/sun/tools/javac/tree/JCTree$JCCase
Event: 6.476 loading class com/sun/tools/javac/tree/JCTree$JCCase done


Dynamic libraries:
0x00007ff7feee0000 - 0x00007ff7fef17000 	C:\Program Files\Java\jdk1.8.0_111\bin\java.exe
0x00007ffb92d40000 - 0x00007ffb92f47000 	C:\Windows\SYSTEM32\ntdll.dll
0x00007ffb91e20000 - 0x00007ffb91edd000 	C:\Windows\System32\KERNEL32.DLL
0x00007ffb90310000 - 0x00007ffb90684000 	C:\Windows\System32\KERNELBASE.dll
0x00007ffb91d00000 - 0x00007ffb91dac000 	C:\Windows\System32\ADVAPI32.dll
0x00007ffb91140000 - 0x00007ffb911e3000 	C:\Windows\System32\msvcrt.dll
0x00007ffb91a90000 - 0x00007ffb91b2d000 	C:\Windows\System32\sechost.dll
0x00007ffb91b30000 - 0x00007ffb91c51000 	C:\Windows\System32\RPCRT4.dll
0x00007ffb90be0000 - 0x00007ffb90d8c000 	C:\Windows\System32\USER32.dll
0x00007ffb90ba0000 - 0x00007ffb90bc6000 	C:\Windows\System32\win32u.dll
0x00007ffb91c60000 - 0x00007ffb91c89000 	C:\Windows\System32\GDI32.dll
0x00007ffb90750000 - 0x00007ffb90862000 	C:\Windows\System32\gdi32full.dll
0x00007ffb90870000 - 0x00007ffb9090d000 	C:\Windows\System32\msvcp_win.dll
0x00007ffb90a80000 - 0x00007ffb90b91000 	C:\Windows\System32\ucrtbase.dll
0x00007ffb80d50000 - 0x00007ffb80ff5000 	C:\Windows\WinSxS\amd64_microsoft.windows.common-controls_6595b64144ccf1df_6.0.22000.120_none_9d947278b86cc467\COMCTL32.dll
0x00007ffb90f40000 - 0x00007ffb90f71000 	C:\Windows\System32\IMM32.DLL
0x000000005d840000 - 0x000000005d912000 	C:\Program Files\Java\jdk1.8.0_111\jre\bin\msvcr100.dll
0x000000005cfa0000 - 0x000000005d83a000 	C:\Program Files\Java\jdk1.8.0_111\jre\bin\server\jvm.dll
0x00007ffb90f30000 - 0x00007ffb90f38000 	C:\Windows\System32\PSAPI.DLL
0x00007ffb760b0000 - 0x00007ffb760b9000 	C:\Windows\SYSTEM32\WSOCK32.dll
0x00007ffb89530000 - 0x00007ffb89563000 	C:\Windows\SYSTEM32\WINMM.dll
0x00007ffb7e880000 - 0x00007ffb7e88a000 	C:\Windows\SYSTEM32\VERSION.dll
0x00007ffb924a0000 - 0x00007ffb9250f000 	C:\Windows\System32\WS2_32.dll
0x000000005cf90000 - 0x000000005cf9f000 	C:\Program Files\Java\jdk1.8.0_111\jre\bin\verify.dll
0x000000005cf60000 - 0x000000005cf89000 	C:\Program Files\Java\jdk1.8.0_111\jre\bin\java.dll
0x000000005cf40000 - 0x000000005cf56000 	C:\Program Files\Java\jdk1.8.0_111\jre\bin\zip.dll
0x00007ffb912e0000 - 0x00007ffb91a89000 	C:\Windows\System32\SHELL32.dll
0x00007ffb8e3e0000 - 0x00007ffb8ec42000 	C:\Windows\SYSTEM32\windows.storage.dll
0x00007ffb91f80000 - 0x00007ffb922f8000 	C:\Windows\System32\combase.dll
0x00007ffb8e270000 - 0x00007ffb8e3d6000 	C:\Windows\SYSTEM32\wintypes.dll
0x00007ffb92c10000 - 0x00007ffb92cfa000 	C:\Windows\System32\SHCORE.dll
0x00007ffb90ed0000 - 0x00007ffb90f2d000 	C:\Windows\System32\shlwapi.dll
0x00007ffb90150000 - 0x00007ffb90171000 	C:\Windows\SYSTEM32\profapi.dll
0x000000005cf20000 - 0x000000005cf3a000 	C:\Program Files\Java\jdk1.8.0_111\jre\bin\net.dll
0x00007ffb8f850000 - 0x00007ffb8f8b7000 	C:\Windows\system32\mswsock.dll
0x000000005cf00000 - 0x000000005cf11000 	C:\Program Files\Java\jdk1.8.0_111\jre\bin\nio.dll
0x00007ffb82090000 - 0x00007ffb820b4000 	C:\apache-maven-3.9.15\apache-maven-3.9.15\lib\jansi-native\Windows\x86_64\jansi.dll

VM Arguments:
jvm_args: -Dclassworlds.conf=C:\apache-maven-3.9.15\apache-maven-3.9.15\bin\m2.conf -Dmaven.home=C:\apache-maven-3.9.15\apache-maven-3.9.15 -Dlibrary.jansi.path=C:\apache-maven-3.9.15\apache-maven-3.9.15\lib\jansi-native -Dmaven.multiModuleProjectDirectory=C:\Users\User\Desktop\projet etudiant jee\student-management 
java_command: org.codehaus.plexus.classworlds.launcher.Launcher clean package
java_class_path (initial): C:\apache-maven-3.9.15\apache-maven-3.9.15\boot\plexus-classworlds-2.9.0.jar
Launcher Type: SUN_STANDARD

Environment Variables:
JAVA_HOME=C:\Program Files\Java\jdk1.8.0_111
PATH=C:\Users\User\bin;C:\Program Files\Git\mingw64\bin;C:\Program Files\Git\usr\local\bin;C:\Program Files\Git\usr\bin;C:\Program Files\Git\usr\bin;C:\Program Files\Git\mingw64\bin;C:\Program Files\Git\usr\bin;C:\Users\User\bin;C:\Program Files\Eclipse Adoptium\jdk-25.0.3.9-hotspot\bin;C:\Program Files (x86)\Common Files\Oracle\Java\java8path;C:\Program Files (x86)\Common Files\Oracle\Java\javapath;C:\app\User\product\21c\dbhomeXE\bin;C:\oracleApp\db_home\bin;C:\apporacle\db_home\bin;C:\Windows\system32;C:\Windows;C:\Windows\System32\Wbem;C:\Windows\System32\WindowsPowerShell\v1.0;C:\Windows\System32\OpenSSH;C:\Program Files\nodejs;C:\Program Files\Git\cmd;C:\Users\User\miniconda3;C:\Users\User\miniconda3\Library\mingw-w64\bin;C:\Users\User\miniconda3\Library\usr\bin;C:\Users\User\miniconda3\Library\bin;C:\Users\User\miniconda3\Scripts;C:\Users\User\AppData\Local\Microsoft\WindowsApps;C:\Users\User\AppData\Roaming\npm;C:\Users\User\AppData\Local\GitHubDesktop\bin;C:\Users\User\AppData\Local\Programs\Microsoft VS Code\bin;C:\Program Files\Docker Toolbox;C:\Users\User\.vscode\extensions\vscjava.vscode-java-debug-0.59.0\bundled\scripts\noConfigScripts;C:\Program Files\Git\usr\bin\vendor_perl;C:\Program Files\Git\usr\bin\core_perl;C:\apache-maven-3.9.15\bin;C:\apache-maven-3.9.15\apache-maven-3.9.15\bin
USERNAME=User
SHELL=C:\Program Files\Git\usr\bin\bash
DISPLAY=needs-to-be-defined
OS=Windows_NT
PROCESSOR_IDENTIFIER=Intel64 Family 6 Model 69 Stepping 1, GenuineIntel



---------------  S Y S T E M  ---------------

OS: Windows 10.0 , 64 bit Build 22000 (10.0.22000.120)

CPU:total 4 (2 cores per cpu, 2 threads per core) family 6 model 69 stepping 1, cmov, cx8, fxsr, mmx, sse, sse2, sse3, ssse3, sse4.1, sse4.2, popcnt, avx, avx2, aes, clmul, erms, lzcnt, ht, tsc, tscinvbit, bmi1, bmi2

Memory: 4k page, physical 8266840k(1319696k free), swap 11316364k(3100k free)

vm_info: Java HotSpot(TM) 64-Bit Server VM (25.111-b14) for windows-amd64 JRE (1.8.0_111-b14), built on Sep 22 2016 19:24:05 by "java_re" with MS VC++ 10.0 (VS2010)

time: Tue Jun 09 11:38:44 2026
elapsed time: 6 seconds (0d 0h 0m 6s)

